[7300:15352:0112/174319.862:WARNING:chrome_main_delegate.cc(667)] This is Chrome version 120.0.6099.216 (not a warning)
[7300:15352:0112/174319.913:INFO:policy_logger.cc(144)] :components\enterprise\browser\controller\chrome_browser_cloud_management_controller.cc(168) Starting CBCM Controller Initialization
[7300:15352:0112/174319.914:INFO:policy_logger.cc(144)] :components\enterprise\browser\controller\chrome_browser_cloud_management_controller.cc(196) No machine level policy manager exists.
[7300:15352:0112/174328.019:INFO:CONSOLE(0)] "Error with Permissions-Policy header: Unrecognized feature: 'ambient-light-sensor'.", source:  (0)
[7300:15352:0112/174328.348:INFO:CONSOLE(0)] "[DOM] Input elements should have autocomplete attributes (suggested: "username"): (More info: https://goo.gl/9p2vKq) %o", source: https://www.facebook.com/campaign/landing.php?&campaign_id=1661697988&extra_1=s|c|515923224890|e|facebook|&placement=&creative=515923224890&keyword=facebook&partner_id=googlesem&extra_2=campaignid%3D1661697988%26adgroupid%3D65157402478%26matchtype%3De%26network%3Dg%26source%3Dnotmobile%26search_or_content%3Ds%26device%3Dc%26devicemodel%3D%26adposition%3D%26target%3D%26targetid%3Dkwd-541132862%26loc_physical_ms%3D1028581%26loc_interest_ms%3D%26feeditemid%3D%26param1%3D%26param2%3D&gclid=EAIaIQobChMIuMPMq9XXgwMVsd4WBR1_bAgHEAAYASAAEgIUDvD_BwE (0)
[7300:15352:0112/174328.585:INFO:CONSOLE(0)] "
%cStop! font-family:helvetica; font-size:20px; font-size:50px; font-weight:bold; color:red; -webkit-text-stroke:1px black;", source:  (0)
[7300:15352:0112/174328.585:INFO:CONSOLE(0)] "
%cThis is a browser feature intended for developers. If someone told you to copy and paste something here to enable a Facebook feature or "hack" someone's account, it is a scam and will give them access to your Facebook account. font-family:helvetica; font-size:20px; ", source:  (0)
[7300:15352:0112/174328.585:INFO:CONSOLE(0)] "
%cSee https://www.facebook.com/selfxss for more information. font-family:helvetica; font-size:20px; ", source:  (0)
[7300:15352:0112/174328.585:INFO:CONSOLE(0)] "
%c ", source:  (0)
[7300:15352:0112/174328.789:INFO:CONSOLE(0)] "Error with Permissions-Policy header: Unrecognized feature: 'ambient-light-sensor'.", source:  (0)
[7300:15352:0112/174329.145:INFO:CONSOLE(0)] "Error with Permissions-Policy header: Unrecognized feature: 'ambient-light-sensor'.", source:  (0)
[7300:15352:0112/174331.724:INFO:CONSOLE(0)] "Error with Permissions-Policy header: Unrecognized feature: 'ambient-light-sensor'.", source:  (0)
[7300:15352:0112/174331.814:INFO:CONSOLE(0)] "
%cStop! font-family:helvetica; font-size:20px; font-size:50px; font-weight:bold; color:red; -webkit-text-stroke:1px black;", source:  (0)
[7300:15352:0112/174331.814:INFO:CONSOLE(0)] "
%cThis is a browser feature intended for developers. If someone told you to copy and paste something here to enable a Facebook feature or "hack" someone's account, it is a scam and will give them access to your Facebook account. font-family:helvetica; font-size:20px; ", source:  (0)
[7300:15352:0112/174331.814:INFO:CONSOLE(0)] "
%cSee https://www.facebook.com/selfxss for more information. font-family:helvetica; font-size:20px; ", source:  (0)
[7300:15352:0112/174331.814:INFO:CONSOLE(0)] "
%c ", source:  (0)
[7300:15352:0112/174334.429:WARNING:controller_impl.cc(1190)] Background download complete, client: 6, completion type: 0, file size:265059
[7300:15352:0112/174334.756:WARNING:controller_impl.cc(1190)] Background download complete, client: 6, completion type: 0, file size:5087
[7300:15352:0112/174335.609:WARNING:controller_impl.cc(1190)] Background download complete, client: 6, completion type: 0, file size:33994661
[7300:15352:0112/174335.819:WARNING:controller_impl.cc(1190)] Background download complete, client: 6, completion type: 0, file size:883094
[7300:15352:0112/174338.072:WARNING:controller_impl.cc(1190)] Background download complete, client: 6, completion type: 0, file size:45116
[7300:15352:0112/174338.384:WARNING:controller_impl.cc(1190)] Background download complete, client: 6, completion type: 0, file size:3844
[7300:15352:0112/174338.989:WARNING:controller_impl.cc(1190)] Background download complete, client: 6, completion type: 0, file size:2746900
[7300:15352:0112/174352.850:INFO:CONSOLE(0)] "Error with Permissions-Policy header: Unrecognized feature: 'ambient-light-sensor'.", source:  (0)
[7300:15352:0112/174353.114:INFO:CONSOLE(0)] "
%cDừng lại! font-family:helvetica; font-size:20px; font-size:50px; font-weight:bold; color:red; -webkit-text-stroke:1px black;", source:  (0)
[7300:15352:0112/174353.114:INFO:CONSOLE(0)] "
%cĐây là một tính năng của trình duyệt dành cho các nhà phát triển. Nếu ai đó bảo bạn sao chép-dán nội dung nào đó vào đây để bật một tính năng của Facebook hoặc "hack" tài khoản của người khác, thì đó là hành vi lừa đảo và sẽ khiến họ có thể truy cập vào tài khoản Facebook của bạn. font-family:helvetica; font-size:20px; ", source:  (0)
[7300:15352:0112/174353.114:INFO:CONSOLE(0)] "
%cXem https://www.facebook.com/selfxss để biết thêm thông tin. font-family:helvetica; font-size:20px; ", source:  (0)
[7300:15352:0112/174353.114:INFO:CONSOLE(0)] "
%c ", source:  (0)
[7300:15352:0112/174402.549:INFO:CONSOLE(0)] "Error with Permissions-Policy header: Unrecognized feature: 'ambient-light-sensor'.", source:  (0)
[7300:15352:0112/174402.620:INFO:CONSOLE(0)] "
%cDừng lại! font-family:helvetica; font-size:20px; font-size:50px; font-weight:bold; color:red; -webkit-text-stroke:1px black;", source:  (0)
[7300:15352:0112/174402.620:INFO:CONSOLE(0)] "
%cĐây là một tính năng của trình duyệt dành cho các nhà phát triển. Nếu ai đó bảo bạn sao chép-dán nội dung nào đó vào đây để bật một tính năng của Facebook hoặc "hack" tài khoản của người khác, thì đó là hành vi lừa đảo và sẽ khiến họ có thể truy cập vào tài khoản Facebook của bạn. font-family:helvetica; font-size:20px; ", source:  (0)
[7300:15352:0112/174402.620:INFO:CONSOLE(0)] "
%cXem https://www.facebook.com/selfxss để biết thêm thông tin. font-family:helvetica; font-size:20px; ", source:  (0)
[7300:15352:0112/174402.620:INFO:CONSOLE(0)] "
%c ", source:  (0)
[7300:15352:0112/174406.586:INFO:CONSOLE(0)] "Error with Permissions-Policy header: Unrecognized feature: 'ambient-light-sensor'.", source:  (0)
[7300:15352:0112/174408.078:INFO:CONSOLE(0)] "Error with Permissions-Policy header: Unrecognized feature: 'ambient-light-sensor'.", source:  (0)
[7300:15352:0112/174408.663:INFO:CONSOLE(231)] "
%cDừng lại! font-family:helvetica; font-size:20px; font-size:50px; font-weight:bold; color:red; -webkit-text-stroke:1px black;", source: https://static.xx.fbcdn.net/rsrc.php/v3/yw/r/c7JQTN9K6s_.js?_nc_x=36oaaFUN1pL (231)
[7300:15352:0112/174408.663:INFO:CONSOLE(231)] "
%cĐây là một tính năng của trình duyệt dành cho các nhà phát triển. Nếu ai đó bảo bạn sao chép-dán nội dung nào đó vào đây để bật một tính năng của Facebook hoặc "hack" tài khoản của người khác, thì đó là hành vi lừa đảo và sẽ khiến họ có thể truy cập vào tài khoản Facebook của bạn. font-family:helvetica; font-size:20px; ", source: https://static.xx.fbcdn.net/rsrc.php/v3/yw/r/c7JQTN9K6s_.js?_nc_x=36oaaFUN1pL (231)
[7300:15352:0112/174408.663:INFO:CONSOLE(231)] "
%cXem https://www.facebook.com/selfxss để biết thêm thông tin. font-family:helvetica; font-size:20px; ", source: https://static.xx.fbcdn.net/rsrc.php/v3/yw/r/c7JQTN9K6s_.js?_nc_x=36oaaFUN1pL (231)
[7300:15352:0112/174408.663:INFO:CONSOLE(231)] "
%c ", source: https://static.xx.fbcdn.net/rsrc.php/v3/yw/r/c7JQTN9K6s_.js?_nc_x=36oaaFUN1pL (231)
[7300:15352:0112/174422.823:INFO:CONSOLE(2)] "loadable: `loadableReady()` requires state, please use `getScriptTags` or `getScriptElements` server-side", source: https://sf16-website-login.neutral.ttwstatic.com/obj/tiktok_web_login_static/tiktok/webapp/main/webapp-desktop/vendor.ffc5c4a77c714c40519d.js (2)
[7300:15352:0112/174423.075:INFO:CONSOLE(40)] "[TikTok desktop app SDK Monitor]:   turn on listening to DOWNLOAD_FILE_FINISHED failed, env is not in client.", source: https://sf16-website-login.neutral.ttwstatic.com/obj/tiktok_web_login_static/tiktok/webapp/main/webapp-desktop/webapp-desktop.c69acd6b05d529289a43.js (40)
[7300:15352:0112/174423.360:INFO:CONSOLE(1)] ".", source: https://sf16-website-login.neutral.ttwstatic.com/obj/tiktok_web_login_static/webmssdk/1.0.0.95/webmssdk.js (1)
[7300:15352:0112/174425.745:INFO:CONSOLE(40)] "[i18n] missing key en WebApp_Login Log in or sign up for an account on TikTok. Start watching to discover real people and real videos that will make your day. Log in or sign up for an account on TikTok. Start watching to discover real people and real videos that will make your day.", source: https://sf16-website-login.neutral.ttwstatic.com/obj/tiktok_web_login_static/tiktok/webapp/main/webapp-desktop/webapp-desktop.c69acd6b05d529289a43.js (40)
[7300:15352:0112/174425.796:INFO:CONSOLE(1)] "[SDK] 1705056265796        0 already inited", source: https://sf16-website-login.neutral.ttwstatic.com/obj/tiktok_web_login_static/slardar/fe/sdk-web/browser.sg.js?bid=tiktok_webapp&globalName=SlardarClient (1)
[7300:15352:0112/174426.077:INFO:CONSOLE(40)] "[TikTok desktop app SDK Monitor]:   WARN:[printFirstFeedShow]The current environment is not inside the client.", source: https://sf16-website-login.neutral.ttwstatic.com/obj/tiktok_web_login_static/tiktok/webapp/main/webapp-desktop/webapp-desktop.c69acd6b05d529289a43.js (40)
[7300:15352:0112/174426.716:INFO:CONSOLE(1)] "The Facebook JSSDK is more than 7 days old.", source: https://sf16-website-login.neutral.ttwstatic.com/obj/tiktok_web_login_static/tiktok/webapp/main/webapp-desktop/fb-js.d1592d0af7d484965c40.js (1)
[7300:15352:0112/174426.717:INFO:CONSOLE(1)] "[Report Only] Refused to load the script 'https://connect.facebook.net/en_US/sdk.js?hash=97b76105d512f386635c5c109964d224' because it violates the following Content Security Policy directive: "script-src 'unsafe-eval' s20.tiktokcdn.com sf16-website-login.neutral.ttwstatic.com sf16-website.neutral.ttwstatic.com". Note that 'script-src-elem' was not explicitly set, so 'script-src' is used as a fallback.
", source: https://sf16-website-login.neutral.ttwstatic.com/obj/tiktok_web_login_static/tiktok/webapp/main/webapp-desktop/fb-js.d1592d0af7d484965c40.js (1)
[7300:15352:0112/174427.438:INFO:CONSOLE(1)] "[Report Only] Refused to create a worker from 'blob:https://www.tiktok.com/4c3ec8c0-ef0f-4c18-8a80-34027cae629b' because it violates the following Content Security Policy directive: "worker-src https:".
", source: https://s20.tiktokcdn.com/tiktok/common/init.js?seed=AECwOP2MAQAAOfpdi_Vfi8120M8tudYzbhlNbKbog3OIy4-XovBryBY1c5gC&hTc6j8Njvn--z=q (1)
[7300:15352:0112/174427.441:INFO:CONSOLE(0)] "[Report Only] Refused to create a worker from 'blob:https://www.tiktok.com/4c3ec8c0-ef0f-4c18-8a80-34027cae629b' because it violates the following Content Security Policy directive: "worker-src https:".
", source: https://www.tiktok.com/vi-VN/ (0)
[7300:15352:0112/174427.544:INFO:CONSOLE(1)] "Canvas2D: Multiple readback operations using getImageData are faster with the willReadFrequently attribute set to true. See: https://html.spec.whatwg.org/multipage/canvas.html#concept-canvas-will-read-frequently", source: https://s20.tiktokcdn.com/tiktok/common/init.js?seed=AECwOP2MAQAAOfpdi_Vfi8120M8tudYzbhlNbKbog3OIy4-XovBryBY1c5gC&hTc6j8Njvn--z=q (1)
[7300:15352:0112/174427.569:INFO:CONSOLE(1)] "Canvas2D: Multiple readback operations using getImageData are faster with the willReadFrequently attribute set to true. See: https://html.spec.whatwg.org/multipage/canvas.html#concept-canvas-will-read-frequently", source: https://s20.tiktokcdn.com/tiktok/common/init.js?seed=AECwOP2MAQAAOfpdi_Vfi8120M8tudYzbhlNbKbog3OIy4-XovBryBY1c5gC&hTc6j8Njvn--z=q (1)
[7300:15352:0112/174427.595:INFO:CONSOLE(0)] "Error with Permissions-Policy header: Unrecognized feature: 'ambient-light-sensor'.", source:  (0)
[7300:15352:0112/174427.674:INFO:CONSOLE(1)] "Canvas2D: Multiple readback operations using getImageData are faster with the willReadFrequently attribute set to true. See: https://html.spec.whatwg.org/multipage/canvas.html#concept-canvas-will-read-frequently", source: https://s20.tiktokcdn.com/tiktok/common/init.js?seed=AECwOP2MAQAAOfpdi_Vfi8120M8tudYzbhlNbKbog3OIy4-XovBryBY1c5gC&hTc6j8Njvn--z=q (1)
[7300:15352:0112/174427.866:INFO:CONSOLE(62)] "ErrorUtils caught an error:

Minified React error #418; visit https://reactjs.org/docs/error-decoder.html?invariant=418 for the full message or use the non-minified dev environment for full errors and additional helpful warnings.

Subsequent non-fatal errors won't be logged; see https://fburl.com/debugjs.", source: https://static.xx.fbcdn.net/rsrc.php/v3/yw/r/c7JQTN9K6s_.js?_nc_x=36oaaFUN1pL (62)
[7300:15352:0112/174427.866:INFO:CONSOLE(403)] "Uncaught Error: Minified React error #418; visit https://reactjs.org/docs/error-decoder.html?invariant=418 for the full message or use the non-minified dev environment for full errors and additional helpful warnings.", source: https://static.xx.fbcdn.net/rsrc.php/v3ixA94/yl/l/makehaste_jhash/V9eQmFasqTv3ZuhsKCnm3WFdzFV8-26dH5XXkdy08Jeyapwh-whn-tNckVIS9stcKSXArcdbbwUrDAPjv-QEzA3O.js?_nc_x=36oaaFUN1pL (403)
[7300:15352:0112/174427.867:INFO:CONSOLE(403)] "Uncaught Error: Minified React error #423; visit https://reactjs.org/docs/error-decoder.html?invariant=423 for the full message or use the non-minified dev environment for full errors and additional helpful warnings.", source: https://static.xx.fbcdn.net/rsrc.php/v3ixA94/yl/l/makehaste_jhash/V9eQmFasqTv3ZuhsKCnm3WFdzFV8-26dH5XXkdy08Jeyapwh-whn-tNckVIS9stcKSXArcdbbwUrDAPjv-QEzA3O.js?_nc_x=36oaaFUN1pL (403)
[7300:15352:0112/174428.023:INFO:CONSOLE(231)] "
%cDừng lại! font-family:helvetica; font-size:20px; font-size:50px; font-weight:bold; color:red; -webkit-text-stroke:1px black;", source: https://static.xx.fbcdn.net/rsrc.php/v3/yw/r/c7JQTN9K6s_.js?_nc_x=36oaaFUN1pL (231)
[7300:15352:0112/174428.023:INFO:CONSOLE(231)] "
%cĐây là một tính năng của trình duyệt dành cho các nhà phát triển. Nếu ai đó bảo bạn sao chép-dán nội dung nào đó vào đây để bật một tính năng của Facebook hoặc "hack" tài khoản của người khác, thì đó là hành vi lừa đảo và sẽ khiến họ có thể truy cập vào tài khoản Facebook của bạn. font-family:helvetica; font-size:20px; ", source: https://static.xx.fbcdn.net/rsrc.php/v3/yw/r/c7JQTN9K6s_.js?_nc_x=36oaaFUN1pL (231)
[7300:15352:0112/174428.023:INFO:CONSOLE(231)] "
%cXem https://www.facebook.com/selfxss để biết thêm thông tin. font-family:helvetica; font-size:20px; ", source: https://static.xx.fbcdn.net/rsrc.php/v3/yw/r/c7JQTN9K6s_.js?_nc_x=36oaaFUN1pL (231)
[7300:15352:0112/174428.023:INFO:CONSOLE(231)] "
%c ", source: https://static.xx.fbcdn.net/rsrc.php/v3/yw/r/c7JQTN9K6s_.js?_nc_x=36oaaFUN1pL (231)
[7300:15352:0112/174431.242:INFO:CONSOLE(0)] "Error with Permissions-Policy header: Unrecognized feature: 'ambient-light-sensor'.", source:  (0)
[7300:15352:0112/174434.035:INFO:CONSOLE(1)] "%cAccountApi Version >>>>%O background: #222; color: #bada55 2.0.3-tiktok", source: https://sf16-website-login.neutral.ttwstatic.com/obj/tiktok_web_login_static/tiktok/webapp/main/webapp-desktop/npm-account.60b0b1f62a23949d6520.js (1)
[7300:15352:0112/174434.038:INFO:CONSOLE(1)] ">> lang vi-VN", source: https://sf16-website-login.neutral.ttwstatic.com/obj/tiktok_web_login_static/tiktok/webapp/main/webapp-desktop/tux-h5-icons.a95e0c5c34729376ef12.js (1)
[7300:15352:0112/174434.038:INFO:CONSOLE(1)] ">>> twv I18n isInitialized true", source: https://sf16-website-login.neutral.ttwstatic.com/obj/tiktok_web_login_static/tiktok/webapp/main/webapp-desktop/tux-h5-icons.a95e0c5c34729376ef12.js (1)
[7300:15352:0112/174434.046:INFO:CONSOLE(1)] "===> verify_lraihd30_gXkTWSYh_G6Rh_44kC_BoVL_Mmj2e25bBEg2", source: https://sf16-website-login.neutral.ttwstatic.com/obj/tiktok_web_login_static/tiktok/webapp/main/webapp-desktop/npm-account.60b0b1f62a23949d6520.js (1)
[7300:15352:0112/174435.079:INFO:CONSOLE(3)] "bytedance://disable_swipe", source:  (3)
[7300:15352:0112/174444.306:INFO:CONSOLE(3)] "bytedance://enable_swipe", source:  (3)
[7300:15352:0112/174446.810:INFO:CONSOLE(40)] "[i18n] missing key en WebApp_Login Sign up for an account or log back into TikTok. Create an account to discover real people and real videos that will make your day. Sign up for an account or log back into TikTok. Create an account to discover real people and real videos that will make your day.", source: https://sf16-website-login.neutral.ttwstatic.com/obj/tiktok_web_login_static/tiktok/webapp/main/webapp-desktop/webapp-desktop.c69acd6b05d529289a43.js (40)
[7300:15352:0112/174446.817:INFO:CONSOLE(40)] "[i18n] missing key en WebApp_Login 1 1", source: https://sf16-website-login.neutral.ttwstatic.com/obj/tiktok_web_login_static/tiktok/webapp/main/webapp-desktop/webapp-desktop.c69acd6b05d529289a43.js (40)
[7300:15352:0112/174446.817:INFO:CONSOLE(40)] "[i18n] missing key en WebApp_Login 2 2", source: https://sf16-website-login.neutral.ttwstatic.com/obj/tiktok_web_login_static/tiktok/webapp/main/webapp-desktop/webapp-desktop.c69acd6b05d529289a43.js (40)
[7300:15352:0112/174446.817:INFO:CONSOLE(40)] "[i18n] missing key en WebApp_Login 3 3", source: https://sf16-website-login.neutral.ttwstatic.com/obj/tiktok_web_login_static/tiktok/webapp/main/webapp-desktop/webapp-desktop.c69acd6b05d529289a43.js (40)
[7300:15352:0112/174446.817:INFO:CONSOLE(40)] "[i18n] missing key en WebApp_Login 4 4", source: https://sf16-website-login.neutral.ttwstatic.com/obj/tiktok_web_login_static/tiktok/webapp/main/webapp-desktop/webapp-desktop.c69acd6b05d529289a43.js (40)
[7300:15352:0112/174446.817:INFO:CONSOLE(40)] "[i18n] missing key en WebApp_Login 5 5", source: https://sf16-website-login.neutral.ttwstatic.com/obj/tiktok_web_login_static/tiktok/webapp/main/webapp-desktop/webapp-desktop.c69acd6b05d529289a43.js (40)
[7300:15352:0112/174446.818:INFO:CONSOLE(40)] "[i18n] missing key en WebApp_Login 6 6", source: https://sf16-website-login.neutral.ttwstatic.com/obj/tiktok_web_login_static/tiktok/webapp/main/webapp-desktop/webapp-desktop.c69acd6b05d529289a43.js (40)
[7300:15352:0112/174446.818:INFO:CONSOLE(40)] "[i18n] missing key en WebApp_Login 7 7", source: https://sf16-website-login.neutral.ttwstatic.com/obj/tiktok_web_login_static/tiktok/webapp/main/webapp-desktop/webapp-desktop.c69acd6b05d529289a43.js (40)
[7300:15352:0112/174446.818:INFO:CONSOLE(40)] "[i18n] missing key en WebApp_Login 8 8", source: https://sf16-website-login.neutral.ttwstatic.com/obj/tiktok_web_login_static/tiktok/webapp/main/webapp-desktop/webapp-desktop.c69acd6b05d529289a43.js (40)
[7300:15352:0112/174446.818:INFO:CONSOLE(40)] "[i18n] missing key en WebApp_Login 9 9", source: https://sf16-website-login.neutral.ttwstatic.com/obj/tiktok_web_login_static/tiktok/webapp/main/webapp-desktop/webapp-desktop.c69acd6b05d529289a43.js (40)
[7300:15352:0112/174446.818:INFO:CONSOLE(40)] "[i18n] missing key en WebApp_Login 10 10", source: https://sf16-website-login.neutral.ttwstatic.com/obj/tiktok_web_login_static/tiktok/webapp/main/webapp-desktop/webapp-desktop.c69acd6b05d529289a43.js (40)
[7300:15352:0112/174446.818:INFO:CONSOLE(40)] "[i18n] missing key en WebApp_Login 11 11", source: https://sf16-website-login.neutral.ttwstatic.com/obj/tiktok_web_login_static/tiktok/webapp/main/webapp-desktop/webapp-desktop.c69acd6b05d529289a43.js (40)
[7300:15352:0112/174446.818:INFO:CONSOLE(40)] "[i18n] missing key en WebApp_Login 12 12", source: https://sf16-website-login.neutral.ttwstatic.com/obj/tiktok_web_login_static/tiktok/webapp/main/webapp-desktop/webapp-desktop.c69acd6b05d529289a43.js (40)
[7300:15352:0112/174446.818:INFO:CONSOLE(40)] "[i18n] missing key en WebApp_Login 13 13", source: https://sf16-website-login.neutral.ttwstatic.com/obj/tiktok_web_login_static/tiktok/webapp/main/webapp-desktop/webapp-desktop.c69acd6b05d529289a43.js (40)
[7300:15352:0112/174446.819:INFO:CONSOLE(40)] "[i18n] missing key en WebApp_Login 14 14", source: https://sf16-website-login.neutral.ttwstatic.com/obj/tiktok_web_login_static/tiktok/webapp/main/webapp-desktop/webapp-desktop.c69acd6b05d529289a43.js (40)
[7300:15352:0112/174446.819:INFO:CONSOLE(40)] "[i18n] missing key en WebApp_Login 15 15", source: https://sf16-website-login.neutral.ttwstatic.com/obj/tiktok_web_login_static/tiktok/webapp/main/webapp-desktop/webapp-desktop.c69acd6b05d529289a43.js (40)
[7300:15352:0112/174446.819:INFO:CONSOLE(40)] "[i18n] missing key en WebApp_Login 16 16", source: https://sf16-website-login.neutral.ttwstatic.com/obj/tiktok_web_login_static/tiktok/webapp/main/webapp-desktop/webapp-desktop.c69acd6b05d529289a43.js (40)
[7300:15352:0112/174446.819:INFO:CONSOLE(40)] "[i18n] missing key en WebApp_Login 17 17", source: https://sf16-website-login.neutral.ttwstatic.com/obj/tiktok_web_login_static/tiktok/webapp/main/webapp-desktop/webapp-desktop.c69acd6b05d529289a43.js (40)
[7300:15352:0112/174446.819:INFO:CONSOLE(40)] "[i18n] missing key en WebApp_Login 18 18", source: https://sf16-website-login.neutral.ttwstatic.com/obj/tiktok_web_login_static/tiktok/webapp/main/webapp-desktop/webapp-desktop.c69acd6b05d529289a43.js (40)
[7300:15352:0112/174446.819:INFO:CONSOLE(40)] "[i18n] missing key en WebApp_Login 19 19", source: https://sf16-website-login.neutral.ttwstatic.com/obj/tiktok_web_login_static/tiktok/webapp/main/webapp-desktop/webapp-desktop.c69acd6b05d529289a43.js (40)
[7300:15352:0112/174446.819:INFO:CONSOLE(40)] "[i18n] missing key en WebApp_Login 20 20", source: https://sf16-website-login.neutral.ttwstatic.com/obj/tiktok_web_login_static/tiktok/webapp/main/webapp-desktop/webapp-desktop.c69acd6b05d529289a43.js (40)
[7300:15352:0112/174446.819:INFO:CONSOLE(40)] "[i18n] missing key en WebApp_Login 21 21", source: https://sf16-website-login.neutral.ttwstatic.com/obj/tiktok_web_login_static/tiktok/webapp/main/webapp-desktop/webapp-desktop.c69acd6b05d529289a43.js (40)
[7300:15352:0112/174446.819:INFO:CONSOLE(40)] "[i18n] missing key en WebApp_Login 22 22", source: https://sf16-website-login.neutral.ttwstatic.com/obj/tiktok_web_login_static/tiktok/webapp/main/webapp-desktop/webapp-desktop.c69acd6b05d529289a43.js (40)
[7300:15352:0112/174446.819:INFO:CONSOLE(40)] "[i18n] missing key en WebApp_Login 23 23", source: https://sf16-website-login.neutral.ttwstatic.com/obj/tiktok_web_login_static/tiktok/webapp/main/webapp-desktop/webapp-desktop.c69acd6b05d529289a43.js (40)
[7300:15352:0112/174446.820:INFO:CONSOLE(40)] "[i18n] missing key en WebApp_Login 24 24", source: https://sf16-website-login.neutral.ttwstatic.com/obj/tiktok_web_login_static/tiktok/webapp/main/webapp-desktop/webapp-desktop.c69acd6b05d529289a43.js (40)
[7300:15352:0112/174446.820:INFO:CONSOLE(40)] "[i18n] missing key en WebApp_Login 25 25", source: https://sf16-website-login.neutral.ttwstatic.com/obj/tiktok_web_login_static/tiktok/webapp/main/webapp-desktop/webapp-desktop.c69acd6b05d529289a43.js (40)
[7300:15352:0112/174446.820:INFO:CONSOLE(40)] "[i18n] missing key en WebApp_Login 26 26", source: https://sf16-website-login.neutral.ttwstatic.com/obj/tiktok_web_login_static/tiktok/webapp/main/webapp-desktop/webapp-desktop.c69acd6b05d529289a43.js (40)
[7300:15352:0112/174446.820:INFO:CONSOLE(40)] "[i18n] missing key en WebApp_Login 27 27", source: https://sf16-website-login.neutral.ttwstatic.com/obj/tiktok_web_login_static/tiktok/webapp/main/webapp-desktop/webapp-desktop.c69acd6b05d529289a43.js (40)
[7300:15352:0112/174446.820:INFO:CONSOLE(40)] "[i18n] missing key en WebApp_Login 28 28", source: https://sf16-website-login.neutral.ttwstatic.com/obj/tiktok_web_login_static/tiktok/webapp/main/webapp-desktop/webapp-desktop.c69acd6b05d529289a43.js (40)
[7300:15352:0112/174446.820:INFO:CONSOLE(40)] "[i18n] missing key en WebApp_Login 29 29", source: https://sf16-website-login.neutral.ttwstatic.com/obj/tiktok_web_login_static/tiktok/webapp/main/webapp-desktop/webapp-desktop.c69acd6b05d529289a43.js (40)
[7300:15352:0112/174446.820:INFO:CONSOLE(40)] "[i18n] missing key en WebApp_Login 30 30", source: https://sf16-website-login.neutral.ttwstatic.com/obj/tiktok_web_login_static/tiktok/webapp/main/webapp-desktop/webapp-desktop.c69acd6b05d529289a43.js (40)
[7300:15352:0112/174446.820:INFO:CONSOLE(40)] "[i18n] missing key en WebApp_Login 31 31", source: https://sf16-website-login.neutral.ttwstatic.com/obj/tiktok_web_login_static/tiktok/webapp/main/webapp-desktop/webapp-desktop.c69acd6b05d529289a43.js (40)
[7300:15352:0112/174446.825:INFO:CONSOLE(40)] "[i18n] missing key en WebApp_Login 2023 2023", source: https://sf16-website-login.neutral.ttwstatic.com/obj/tiktok_web_login_static/tiktok/webapp/main/webapp-desktop/webapp-desktop.c69acd6b05d529289a43.js (40)
[7300:15352:0112/174446.825:INFO:CONSOLE(40)] "[i18n] missing key en WebApp_Login 2022 2022", source: https://sf16-website-login.neutral.ttwstatic.com/obj/tiktok_web_login_static/tiktok/webapp/main/webapp-desktop/webapp-desktop.c69acd6b05d529289a43.js (40)
[7300:15352:0112/174446.825:INFO:CONSOLE(40)] "[i18n] missing key en WebApp_Login 2021 2021", source: https://sf16-website-login.neutral.ttwstatic.com/obj/tiktok_web_login_static/tiktok/webapp/main/webapp-desktop/webapp-desktop.c69acd6b05d529289a43.js (40)
[7300:15352:0112/174446.825:INFO:CONSOLE(40)] "[i18n] missing key en WebApp_Login 2020 2020", source: https://sf16-website-login.neutral.ttwstatic.com/obj/tiktok_web_login_static/tiktok/webapp/main/webapp-desktop/webapp-desktop.c69acd6b05d529289a43.js (40)
[7300:15352:0112/174446.825:INFO:CONSOLE(40)] "[i18n] missing key en WebApp_Login 2019 2019", source: https://sf16-website-login.neutral.ttwstatic.com/obj/tiktok_web_login_static/tiktok/webapp/main/webapp-desktop/webapp-desktop.c69acd6b05d529289a43.js (40)
[7300:15352:0112/174446.825:INFO:CONSOLE(40)] "[i18n] missing key en WebApp_Login 2018 2018", source: https://sf16-website-login.neutral.ttwstatic.com/obj/tiktok_web_login_static/tiktok/webapp/main/webapp-desktop/webapp-desktop.c69acd6b05d529289a43.js (40)
[7300:15352:0112/174446.826:INFO:CONSOLE(40)] "[i18n] missing key en WebApp_Login 2017 2017", source: https://sf16-website-login.neutral.ttwstatic.com/obj/tiktok_web_login_static/tiktok/webapp/main/webapp-desktop/webapp-desktop.c69acd6b05d529289a43.js (40)
[7300:15352:0112/174446.826:INFO:CONSOLE(40)] "[i18n] missing key en WebApp_Login 2016 2016", source: https://sf16-website-login.neutral.ttwstatic.com/obj/tiktok_web_login_static/tiktok/webapp/main/webapp-desktop/webapp-desktop.c69acd6b05d529289a43.js (40)
[7300:15352:0112/174446.826:INFO:CONSOLE(40)] "[i18n] missing key en WebApp_Login 2015 2015", source: https://sf16-website-login.neutral.ttwstatic.com/obj/tiktok_web_login_static/tiktok/webapp/main/webapp-desktop/webapp-desktop.c69acd6b05d529289a43.js (40)
[7300:15352:0112/174446.826:INFO:CONSOLE(40)] "[i18n] missing key en WebApp_Login 2014 2014", source: https://sf16-website-login.neutral.ttwstatic.com/obj/tiktok_web_login_static/tiktok/webapp/main/webapp-desktop/webapp-desktop.c69acd6b05d529289a43.js (40)
[7300:15352:0112/174446.826:INFO:CONSOLE(40)] "[i18n] missing key en WebApp_Login 2013 2013", source: https://sf16-website-login.neutral.ttwstatic.com/obj/tiktok_web_login_static/tiktok/webapp/main/webapp-desktop/webapp-desktop.c69acd6b05d529289a43.js (40)
[7300:15352:0112/174446.826:INFO:CONSOLE(40)] "[i18n] missing key en WebApp_Login 2012 2012", source: https://sf16-website-login.neutral.ttwstatic.com/obj/tiktok_web_login_static/tiktok/webapp/main/webapp-desktop/webapp-desktop.c69acd6b05d529289a43.js (40)
[7300:15352:0112/174446.826:INFO:CONSOLE(40)] "[i18n] missing key en WebApp_Login 2011 2011", source: https://sf16-website-login.neutral.ttwstatic.com/obj/tiktok_web_login_static/tiktok/webapp/main/webapp-desktop/webapp-desktop.c69acd6b05d529289a43.js (40)
[7300:15352:0112/174446.826:INFO:CONSOLE(40)] "[i18n] missing key en WebApp_Login 2010 2010", source: https://sf16-website-login.neutral.ttwstatic.com/obj/tiktok_web_login_static/tiktok/webapp/main/webapp-desktop/webapp-desktop.c69acd6b05d529289a43.js (40)
[7300:15352:0112/174446.826:INFO:CONSOLE(40)] "[i18n] missing key en WebApp_Login 2009 2009", source: https://sf16-website-login.neutral.ttwstatic.com/obj/tiktok_web_login_static/tiktok/webapp/main/webapp-desktop/webapp-desktop.c69acd6b05d529289a43.js (40)
[7300:15352:0112/174446.826:INFO:CONSOLE(40)] "[i18n] missing key en WebApp_Login 2008 2008", source: https://sf16-website-login.neutral.ttwstatic.com/obj/tiktok_web_login_static/tiktok/webapp/main/webapp-desktop/webapp-desktop.c69acd6b05d529289a43.js (40)
[7300:15352:0112/174446.827:INFO:CONSOLE(40)] "[i18n] missing key en WebApp_Login 2007 2007", source: https://sf16-website-login.neutral.ttwstatic.com/obj/tiktok_web_login_static/tiktok/webapp/main/webapp-desktop/webapp-desktop.c69acd6b05d529289a43.js (40)
[7300:15352:0112/174446.827:INFO:CONSOLE(40)] "[i18n] missing key en WebApp_Login 2006 2006", source: https://sf16-website-login.neutral.ttwstatic.com/obj/tiktok_web_login_static/tiktok/webapp/main/webapp-desktop/webapp-desktop.c69acd6b05d529289a43.js (40)
[7300:15352:0112/174446.827:INFO:CONSOLE(40)] "[i18n] missing key en WebApp_Login 2005 2005", source: https://sf16-website-login.neutral.ttwstatic.com/obj/tiktok_web_login_static/tiktok/webapp/main/webapp-desktop/webapp-desktop.c69acd6b05d529289a43.js (40)
[7300:15352:0112/174446.827:INFO:CONSOLE(40)] "[i18n] missing key en WebApp_Login 2004 2004", source: https://sf16-website-login.neutral.ttwstatic.com/obj/tiktok_web_login_static/tiktok/webapp/main/webapp-desktop/webapp-desktop.c69acd6b05d529289a43.js (40)
[7300:15352:0112/174446.827:INFO:CONSOLE(40)] "[i18n] missing key en WebApp_Login 2003 2003", source: https://sf16-website-login.neutral.ttwstatic.com/obj/tiktok_web_login_static/tiktok/webapp/main/webapp-desktop/webapp-desktop.c69acd6b05d529289a43.js (40)
[7300:15352:0112/174446.827:INFO:CONSOLE(40)] "[i18n] missing key en WebApp_Login 2002 2002", source: https://sf16-website-login.neutral.ttwstatic.com/obj/tiktok_web_login_static/tiktok/webapp/main/webapp-desktop/webapp-desktop.c69acd6b05d529289a43.js (40)
[7300:15352:0112/174446.827:INFO:CONSOLE(40)] "[i18n] missing key en WebApp_Login 2001 2001", source: https://sf16-website-login.neutral.ttwstatic.com/obj/tiktok_web_login_static/tiktok/webapp/main/webapp-desktop/webapp-desktop.c69acd6b05d529289a43.js (40)
[7300:15352:0112/174446.827:INFO:CONSOLE(40)] "[i18n] missing key en WebApp_Login 2000 2000", source: https://sf16-website-login.neutral.ttwstatic.com/obj/tiktok_web_login_static/tiktok/webapp/main/webapp-desktop/webapp-desktop.c69acd6b05d529289a43.js (40)
[7300:15352:0112/174446.828:INFO:CONSOLE(40)] "[i18n] missing key en WebApp_Login 1999 1999", source: https://sf16-website-login.neutral.ttwstatic.com/obj/tiktok_web_login_static/tiktok/webapp/main/webapp-desktop/webapp-desktop.c69acd6b05d529289a43.js (40)
[7300:15352:0112/174446.828:INFO:CONSOLE(40)] "[i18n] missing key en WebApp_Login 1998 1998", source: https://sf16-website-login.neutral.ttwstatic.com/obj/tiktok_web_login_static/tiktok/webapp/main/webapp-desktop/webapp-desktop.c69acd6b05d529289a43.js (40)
[7300:15352:0112/174446.828:INFO:CONSOLE(40)] "[i18n] missing key en WebApp_Login 1997 1997", source: https://sf16-website-login.neutral.ttwstatic.com/obj/tiktok_web_login_static/tiktok/webapp/main/webapp-desktop/webapp-desktop.c69acd6b05d529289a43.js (40)
[7300:15352:0112/174446.828:INFO:CONSOLE(40)] "[i18n] missing key en WebApp_Login 1996 1996", source: https://sf16-website-login.neutral.ttwstatic.com/obj/tiktok_web_login_static/tiktok/webapp/main/webapp-desktop/webapp-desktop.c69acd6b05d529289a43.js (40)
[7300:15352:0112/174446.828:INFO:CONSOLE(40)] "[i18n] missing key en WebApp_Login 1995 1995", source: https://sf16-website-login.neutral.ttwstatic.com/obj/tiktok_web_login_static/tiktok/webapp/main/webapp-desktop/webapp-desktop.c69acd6b05d529289a43.js (40)
[7300:15352:0112/174446.828:INFO:CONSOLE(40)] "[i18n] missing key en WebApp_Login 1994 1994", source: https://sf16-website-login.neutral.ttwstatic.com/obj/tiktok_web_login_static/tiktok/webapp/main/webapp-desktop/webapp-desktop.c69acd6b05d529289a43.js (40)
[7300:15352:0112/174446.828:INFO:CONSOLE(40)] "[i18n] missing key en WebApp_Login 1993 1993", source: https://sf16-website-login.neutral.ttwstatic.com/obj/tiktok_web_login_static/tiktok/webapp/main/webapp-desktop/webapp-desktop.c69acd6b05d529289a43.js (40)
[7300:15352:0112/174446.828:INFO:CONSOLE(40)] "[i18n] missing key en WebApp_Login 1992 1992", source: https://sf16-website-login.neutral.ttwstatic.com/obj/tiktok_web_login_static/tiktok/webapp/main/webapp-desktop/webapp-desktop.c69acd6b05d529289a43.js (40)
[7300:15352:0112/174446.828:INFO:CONSOLE(40)] "[i18n] missing key en WebApp_Login 1991 1991", source: https://sf16-website-login.neutral.ttwstatic.com/obj/tiktok_web_login_static/tiktok/webapp/main/webapp-desktop/webapp-desktop.c69acd6b05d529289a43.js (40)
[7300:15352:0112/174446.829:INFO:CONSOLE(40)] "[i18n] missing key en WebApp_Login 1990 1990", source: https://sf16-website-login.neutral.ttwstatic.com/obj/tiktok_web_login_static/tiktok/webapp/main/webapp-desktop/webapp-desktop.c69acd6b05d529289a43.js (40)
[7300:15352:0112/174446.829:INFO:CONSOLE(40)] "[i18n] missing key en WebApp_Login 1989 1989", source: https://sf16-website-login.neutral.ttwstatic.com/obj/tiktok_web_login_static/tiktok/webapp/main/webapp-desktop/webapp-desktop.c69acd6b05d529289a43.js (40)
[7300:15352:0112/174446.829:INFO:CONSOLE(40)] "[i18n] missing key en WebApp_Login 1988 1988", source: https://sf16-website-login.neutral.ttwstatic.com/obj/tiktok_web_login_static/tiktok/webapp/main/webapp-desktop/webapp-desktop.c69acd6b05d529289a43.js (40)
[7300:15352:0112/174446.829:INFO:CONSOLE(40)] "[i18n] missing key en WebApp_Login 1987 1987", source: https://sf16-website-login.neutral.ttwstatic.com/obj/tiktok_web_login_static/tiktok/webapp/main/webapp-desktop/webapp-desktop.c69acd6b05d529289a43.js (40)
[7300:15352:0112/174446.829:INFO:CONSOLE(40)] "[i18n] missing key en WebApp_Login 1986 1986", source: https://sf16-website-login.neutral.ttwstatic.com/obj/tiktok_web_login_static/tiktok/webapp/main/webapp-desktop/webapp-desktop.c69acd6b05d529289a43.js (40)
[7300:15352:0112/174446.829:INFO:CONSOLE(40)] "[i18n] missing key en WebApp_Login 1985 1985", source: https://sf16-website-login.neutral.ttwstatic.com/obj/tiktok_web_login_static/tiktok/webapp/main/webapp-desktop/webapp-desktop.c69acd6b05d529289a43.js (40)
[7300:15352:0112/174446.829:INFO:CONSOLE(40)] "[i18n] missing key en WebApp_Login 1984 1984", source: https://sf16-website-login.neutral.ttwstatic.com/obj/tiktok_web_login_static/tiktok/webapp/main/webapp-desktop/webapp-desktop.c69acd6b05d529289a43.js (40)
[7300:15352:0112/174446.829:INFO:CONSOLE(40)] "[i18n] missing key en WebApp_Login 1983 1983", source: https://sf16-website-login.neutral.ttwstatic.com/obj/tiktok_web_login_static/tiktok/webapp/main/webapp-desktop/webapp-desktop.c69acd6b05d529289a43.js (40)
[7300:15352:0112/174446.829:INFO:CONSOLE(40)] "[i18n] missing key en WebApp_Login 1982 1982", source: https://sf16-website-login.neutral.ttwstatic.com/obj/tiktok_web_login_static/tiktok/webapp/main/webapp-desktop/webapp-desktop.c69acd6b05d529289a43.js (40)
[7300:15352:0112/174446.829:INFO:CONSOLE(40)] "[i18n] missing key en WebApp_Login 1981 1981", source: https://sf16-website-login.neutral.ttwstatic.com/obj/tiktok_web_login_static/tiktok/webapp/main/webapp-desktop/webapp-desktop.c69acd6b05d529289a43.js (40)
[7300:15352:0112/174446.830:INFO:CONSOLE(40)] "[i18n] missing key en WebApp_Login 1980 1980", source: https://sf16-website-login.neutral.ttwstatic.com/obj/tiktok_web_login_static/tiktok/webapp/main/webapp-desktop/webapp-desktop.c69acd6b05d529289a43.js (40)
[7300:15352:0112/174446.830:INFO:CONSOLE(40)] "[i18n] missing key en WebApp_Login 1979 1979", source: https://sf16-website-login.neutral.ttwstatic.com/obj/tiktok_web_login_static/tiktok/webapp/main/webapp-desktop/webapp-desktop.c69acd6b05d529289a43.js (40)
[7300:15352:0112/174446.830:INFO:CONSOLE(40)] "[i18n] missing key en WebApp_Login 1978 1978", source: https://sf16-website-login.neutral.ttwstatic.com/obj/tiktok_web_login_static/tiktok/webapp/main/webapp-desktop/webapp-desktop.c69acd6b05d529289a43.js (40)
[7300:15352:0112/174446.830:INFO:CONSOLE(40)] "[i18n] missing key en WebApp_Login 1977 1977", source: https://sf16-website-login.neutral.ttwstatic.com/obj/tiktok_web_login_static/tiktok/webapp/main/webapp-desktop/webapp-desktop.c69acd6b05d529289a43.js (40)
[7300:15352:0112/174446.830:INFO:CONSOLE(40)] "[i18n] missing key en WebApp_Login 1976 1976", source: https://sf16-website-login.neutral.ttwstatic.com/obj/tiktok_web_login_static/tiktok/webapp/main/webapp-desktop/webapp-desktop.c69acd6b05d529289a43.js (40)
[7300:15352:0112/174446.830:INFO:CONSOLE(40)] "[i18n] missing key en WebApp_Login 1975 1975", source: https://sf16-website-login.neutral.ttwstatic.com/obj/tiktok_web_login_static/tiktok/webapp/main/webapp-desktop/webapp-desktop.c69acd6b05d529289a43.js (40)
[7300:15352:0112/174446.830:INFO:CONSOLE(40)] "[i18n] missing key en WebApp_Login 1974 1974", source: https://sf16-website-login.neutral.ttwstatic.com/obj/tiktok_web_login_static/tiktok/webapp/main/webapp-desktop/webapp-desktop.c69acd6b05d529289a43.js (40)
[7300:15352:0112/174446.830:INFO:CONSOLE(40)] "[i18n] missing key en WebApp_Login 1973 1973", source: https://sf16-website-login.neutral.ttwstatic.com/obj/tiktok_web_login_static/tiktok/webapp/main/webapp-desktop/webapp-desktop.c69acd6b05d529289a43.js (40)
[7300:15352:0112/174446.830:INFO:CONSOLE(40)] "[i18n] missing key en WebApp_Login 1972 1972", source: https://sf16-website-login.neutral.ttwstatic.com/obj/tiktok_web_login_static/tiktok/webapp/main/webapp-desktop/webapp-desktop.c69acd6b05d529289a43.js (40)
[7300:15352:0112/174446.831:INFO:CONSOLE(40)] "[i18n] missing key en WebApp_Login 1971 1971", source: https://sf16-website-login.neutral.ttwstatic.com/obj/tiktok_web_login_static/tiktok/webapp/main/webapp-desktop/webapp-desktop.c69acd6b05d529289a43.js (40)
[7300:15352:0112/174446.831:INFO:CONSOLE(40)] "[i18n] missing key en WebApp_Login 1970 1970", source: https://sf16-website-login.neutral.ttwstatic.com/obj/tiktok_web_login_static/tiktok/webapp/main/webapp-desktop/webapp-desktop.c69acd6b05d529289a43.js (40)
[7300:15352:0112/174446.831:INFO:CONSOLE(40)] "[i18n] missing key en WebApp_Login 1969 1969", source: https://sf16-website-login.neutral.ttwstatic.com/obj/tiktok_web_login_static/tiktok/webapp/main/webapp-desktop/webapp-desktop.c69acd6b05d529289a43.js (40)
[7300:15352:0112/174446.831:INFO:CONSOLE(40)] "[i18n] missing key en WebApp_Login 1968 1968", source: https://sf16-website-login.neutral.ttwstatic.com/obj/tiktok_web_login_static/tiktok/webapp/main/webapp-desktop/webapp-desktop.c69acd6b05d529289a43.js (40)
[7300:15352:0112/174446.831:INFO:CONSOLE(40)] "[i18n] missing key en WebApp_Login 1967 1967", source: https://sf16-website-login.neutral.ttwstatic.com/obj/tiktok_web_login_static/tiktok/webapp/main/webapp-desktop/webapp-desktop.c69acd6b05d529289a43.js (40)
[7300:15352:0112/174446.831:INFO:CONSOLE(40)] "[i18n] missing key en WebApp_Login 1966 1966", source: https://sf16-website-login.neutral.ttwstatic.com/obj/tiktok_web_login_static/tiktok/webapp/main/webapp-desktop/webapp-desktop.c69acd6b05d529289a43.js (40)
[7300:15352:0112/174446.831:INFO:CONSOLE(40)] "[i18n] missing key en WebApp_Login 1965 1965", source: https://sf16-website-login.neutral.ttwstatic.com/obj/tiktok_web_login_static/tiktok/webapp/main/webapp-desktop/webapp-desktop.c69acd6b05d529289a43.js (40)
[7300:15352:0112/174446.831:INFO:CONSOLE(40)] "[i18n] missing key en WebApp_Login 1964 1964", source: https://sf16-website-login.neutral.ttwstatic.com/obj/tiktok_web_login_static/tiktok/webapp/main/webapp-desktop/webapp-desktop.c69acd6b05d529289a43.js (40)
[7300:15352:0112/174446.831:INFO:CONSOLE(40)] "[i18n] missing key en WebApp_Login 1963 1963", source: https://sf16-website-login.neutral.ttwstatic.com/obj/tiktok_web_login_static/tiktok/webapp/main/webapp-desktop/webapp-desktop.c69acd6b05d529289a43.js (40)
[7300:15352:0112/174446.831:INFO:CONSOLE(40)] "[i18n] missing key en WebApp_Login 1962 1962", source: https://sf16-website-login.neutral.ttwstatic.com/obj/tiktok_web_login_static/tiktok/webapp/main/webapp-desktop/webapp-desktop.c69acd6b05d529289a43.js (40)
[7300:15352:0112/174446.832:INFO:CONSOLE(40)] "[i18n] missing key en WebApp_Login 1961 1961", source: https://sf16-website-login.neutral.ttwstatic.com/obj/tiktok_web_login_static/tiktok/webapp/main/webapp-desktop/webapp-desktop.c69acd6b05d529289a43.js (40)
[7300:15352:0112/174446.832:INFO:CONSOLE(40)] "[i18n] missing key en WebApp_Login 1960 1960", source: https://sf16-website-login.neutral.ttwstatic.com/obj/tiktok_web_login_static/tiktok/webapp/main/webapp-desktop/webapp-desktop.c69acd6b05d529289a43.js (40)
[7300:15352:0112/174446.832:INFO:CONSOLE(40)] "[i18n] missing key en WebApp_Login 1959 1959", source: https://sf16-website-login.neutral.ttwstatic.com/obj/tiktok_web_login_static/tiktok/webapp/main/webapp-desktop/webapp-desktop.c69acd6b05d529289a43.js (40)
[7300:15352:0112/174446.832:INFO:CONSOLE(40)] "[i18n] missing key en WebApp_Login 1958 1958", source: https://sf16-website-login.neutral.ttwstatic.com/obj/tiktok_web_login_static/tiktok/webapp/main/webapp-desktop/webapp-desktop.c69acd6b05d529289a43.js (40)
[7300:15352:0112/174446.832:INFO:CONSOLE(40)] "[i18n] missing key en WebApp_Login 1957 1957", source: https://sf16-website-login.neutral.ttwstatic.com/obj/tiktok_web_login_static/tiktok/webapp/main/webapp-desktop/webapp-desktop.c69acd6b05d529289a43.js (40)
[7300:15352:0112/174446.832:INFO:CONSOLE(40)] "[i18n] missing key en WebApp_Login 1956 1956", source: https://sf16-website-login.neutral.ttwstatic.com/obj/tiktok_web_login_static/tiktok/webapp/main/webapp-desktop/webapp-desktop.c69acd6b05d529289a43.js (40)
[7300:15352:0112/174446.832:INFO:CONSOLE(40)] "[i18n] missing key en WebApp_Login 1955 1955", source: https://sf16-website-login.neutral.ttwstatic.com/obj/tiktok_web_login_static/tiktok/webapp/main/webapp-desktop/webapp-desktop.c69acd6b05d529289a43.js (40)
[7300:15352:0112/174446.832:INFO:CONSOLE(40)] "[i18n] missing key en WebApp_Login 1954 1954", source: https://sf16-website-login.neutral.ttwstatic.com/obj/tiktok_web_login_static/tiktok/webapp/main/webapp-desktop/webapp-desktop.c69acd6b05d529289a43.js (40)
[7300:15352:0112/174446.832:INFO:CONSOLE(40)] "[i18n] missing key en WebApp_Login 1953 1953", source: https://sf16-website-login.neutral.ttwstatic.com/obj/tiktok_web_login_static/tiktok/webapp/main/webapp-desktop/webapp-desktop.c69acd6b05d529289a43.js (40)
[7300:15352:0112/174446.833:INFO:CONSOLE(40)] "[i18n] missing key en WebApp_Login 1952 1952", source: https://sf16-website-login.neutral.ttwstatic.com/obj/tiktok_web_login_static/tiktok/webapp/main/webapp-desktop/webapp-desktop.c69acd6b05d529289a43.js (40)
[7300:15352:0112/174446.833:INFO:CONSOLE(40)] "[i18n] missing key en WebApp_Login 1951 1951", source: https://sf16-website-login.neutral.ttwstatic.com/obj/tiktok_web_login_static/tiktok/webapp/main/webapp-desktop/webapp-desktop.c69acd6b05d529289a43.js (40)
[7300:15352:0112/174446.833:INFO:CONSOLE(40)] "[i18n] missing key en WebApp_Login 1950 1950", source: https://sf16-website-login.neutral.ttwstatic.com/obj/tiktok_web_login_static/tiktok/webapp/main/webapp-desktop/webapp-desktop.c69acd6b05d529289a43.js (40)
[7300:15352:0112/174446.833:INFO:CONSOLE(40)] "[i18n] missing key en WebApp_Login 1949 1949", source: https://sf16-website-login.neutral.ttwstatic.com/obj/tiktok_web_login_static/tiktok/webapp/main/webapp-desktop/webapp-desktop.c69acd6b05d529289a43.js (40)
[7300:15352:0112/174446.833:INFO:CONSOLE(40)] "[i18n] missing key en WebApp_Login 1948 1948", source: https://sf16-website-login.neutral.ttwstatic.com/obj/tiktok_web_login_static/tiktok/webapp/main/webapp-desktop/webapp-desktop.c69acd6b05d529289a43.js (40)
[7300:15352:0112/174446.833:INFO:CONSOLE(40)] "[i18n] missing key en WebApp_Login 1947 1947", source: https://sf16-website-login.neutral.ttwstatic.com/obj/tiktok_web_login_static/tiktok/webapp/main/webapp-desktop/webapp-desktop.c69acd6b05d529289a43.js (40)
[7300:15352:0112/174446.833:INFO:CONSOLE(40)] "[i18n] missing key en WebApp_Login 1946 1946", source: https://sf16-website-login.neutral.ttwstatic.com/obj/tiktok_web_login_static/tiktok/webapp/main/webapp-desktop/webapp-desktop.c69acd6b05d529289a43.js (40)
[7300:15352:0112/174446.833:INFO:CONSOLE(40)] "[i18n] missing key en WebApp_Login 1945 1945", source: https://sf16-website-login.neutral.ttwstatic.com/obj/tiktok_web_login_static/tiktok/webapp/main/webapp-desktop/webapp-desktop.c69acd6b05d529289a43.js (40)
[7300:15352:0112/174446.833:INFO:CONSOLE(40)] "[i18n] missing key en WebApp_Login 1944 1944", source: https://sf16-website-login.neutral.ttwstatic.com/obj/tiktok_web_login_static/tiktok/webapp/main/webapp-desktop/webapp-desktop.c69acd6b05d529289a43.js (40)
[7300:15352:0112/174446.834:INFO:CONSOLE(40)] "[i18n] missing key en WebApp_Login 1943 1943", source: https://sf16-website-login.neutral.ttwstatic.com/obj/tiktok_web_login_static/tiktok/webapp/main/webapp-desktop/webapp-desktop.c69acd6b05d529289a43.js (40)
[7300:15352:0112/174446.834:INFO:CONSOLE(40)] "[i18n] missing key en WebApp_Login 1942 1942", source: https://sf16-website-login.neutral.ttwstatic.com/obj/tiktok_web_login_static/tiktok/webapp/main/webapp-desktop/webapp-desktop.c69acd6b05d529289a43.js (40)
[7300:15352:0112/174446.834:INFO:CONSOLE(40)] "[i18n] missing key en WebApp_Login 1941 1941", source: https://sf16-website-login.neutral.ttwstatic.com/obj/tiktok_web_login_static/tiktok/webapp/main/webapp-desktop/webapp-desktop.c69acd6b05d529289a43.js (40)
[7300:15352:0112/174446.834:INFO:CONSOLE(40)] "[i18n] missing key en WebApp_Login 1940 1940", source: https://sf16-website-login.neutral.ttwstatic.com/obj/tiktok_web_login_static/tiktok/webapp/main/webapp-desktop/webapp-desktop.c69acd6b05d529289a43.js (40)
[7300:15352:0112/174446.834:INFO:CONSOLE(40)] "[i18n] missing key en WebApp_Login 1939 1939", source: https://sf16-website-login.neutral.ttwstatic.com/obj/tiktok_web_login_static/tiktok/webapp/main/webapp-desktop/webapp-desktop.c69acd6b05d529289a43.js (40)
[7300:15352:0112/174446.834:INFO:CONSOLE(40)] "[i18n] missing key en WebApp_Login 1938 1938", source: https://sf16-website-login.neutral.ttwstatic.com/obj/tiktok_web_login_static/tiktok/webapp/main/webapp-desktop/webapp-desktop.c69acd6b05d529289a43.js (40)
[7300:15352:0112/174446.834:INFO:CONSOLE(40)] "[i18n] missing key en WebApp_Login 1937 1937", source: https://sf16-website-login.neutral.ttwstatic.com/obj/tiktok_web_login_static/tiktok/webapp/main/webapp-desktop/webapp-desktop.c69acd6b05d529289a43.js (40)
[7300:15352:0112/174446.834:INFO:CONSOLE(40)] "[i18n] missing key en WebApp_Login 1936 1936", source: https://sf16-website-login.neutral.ttwstatic.com/obj/tiktok_web_login_static/tiktok/webapp/main/webapp-desktop/webapp-desktop.c69acd6b05d529289a43.js (40)
[7300:15352:0112/174446.834:INFO:CONSOLE(40)] "[i18n] missing key en WebApp_Login 1935 1935", source: https://sf16-website-login.neutral.ttwstatic.com/obj/tiktok_web_login_static/tiktok/webapp/main/webapp-desktop/webapp-desktop.c69acd6b05d529289a43.js (40)
[7300:15352:0112/174446.835:INFO:CONSOLE(40)] "[i18n] missing key en WebApp_Login 1934 1934", source: https://sf16-website-login.neutral.ttwstatic.com/obj/tiktok_web_login_static/tiktok/webapp/main/webapp-desktop/webapp-desktop.c69acd6b05d529289a43.js (40)
[7300:15352:0112/174446.835:INFO:CONSOLE(40)] "[i18n] missing key en WebApp_Login 1933 1933", source: https://sf16-website-login.neutral.ttwstatic.com/obj/tiktok_web_login_static/tiktok/webapp/main/webapp-desktop/webapp-desktop.c69acd6b05d529289a43.js (40)
[7300:15352:0112/174446.835:INFO:CONSOLE(40)] "[i18n] missing key en WebApp_Login 1932 1932", source: https://sf16-website-login.neutral.ttwstatic.com/obj/tiktok_web_login_static/tiktok/webapp/main/webapp-desktop/webapp-desktop.c69acd6b05d529289a43.js (40)
[7300:15352:0112/174446.835:INFO:CONSOLE(40)] "[i18n] missing key en WebApp_Login 1931 1931", source: https://sf16-website-login.neutral.ttwstatic.com/obj/tiktok_web_login_static/tiktok/webapp/main/webapp-desktop/webapp-desktop.c69acd6b05d529289a43.js (40)
[7300:15352:0112/174446.835:INFO:CONSOLE(40)] "[i18n] missing key en WebApp_Login 1930 1930", source: https://sf16-website-login.neutral.ttwstatic.com/obj/tiktok_web_login_static/tiktok/webapp/main/webapp-desktop/webapp-desktop.c69acd6b05d529289a43.js (40)
[7300:15352:0112/174446.835:INFO:CONSOLE(40)] "[i18n] missing key en WebApp_Login 1929 1929", source: https://sf16-website-login.neutral.ttwstatic.com/obj/tiktok_web_login_static/tiktok/webapp/main/webapp-desktop/webapp-desktop.c69acd6b05d529289a43.js (40)
[7300:15352:0112/174446.835:INFO:CONSOLE(40)] "[i18n] missing key en WebApp_Login 1928 1928", source: https://sf16-website-login.neutral.ttwstatic.com/obj/tiktok_web_login_static/tiktok/webapp/main/webapp-desktop/webapp-desktop.c69acd6b05d529289a43.js (40)
[7300:15352:0112/174446.835:INFO:CONSOLE(40)] "[i18n] missing key en WebApp_Login 1927 1927", source: https://sf16-website-login.neutral.ttwstatic.com/obj/tiktok_web_login_static/tiktok/webapp/main/webapp-desktop/webapp-desktop.c69acd6b05d529289a43.js (40)
[7300:15352:0112/174446.835:INFO:CONSOLE(40)] "[i18n] missing key en WebApp_Login 1926 1926", source: https://sf16-website-login.neutral.ttwstatic.com/obj/tiktok_web_login_static/tiktok/webapp/main/webapp-desktop/webapp-desktop.c69acd6b05d529289a43.js (40)
[7300:15352:0112/174446.836:INFO:CONSOLE(40)] "[i18n] missing key en WebApp_Login 1925 1925", source: https://sf16-website-login.neutral.ttwstatic.com/obj/tiktok_web_login_static/tiktok/webapp/main/webapp-desktop/webapp-desktop.c69acd6b05d529289a43.js (40)
[7300:15352:0112/174446.836:INFO:CONSOLE(40)] "[i18n] missing key en WebApp_Login 1924 1924", source: https://sf16-website-login.neutral.ttwstatic.com/obj/tiktok_web_login_static/tiktok/webapp/main/webapp-desktop/webapp-desktop.c69acd6b05d529289a43.js (40)
[7300:15352:0112/174446.836:INFO:CONSOLE(40)] "[i18n] missing key en WebApp_Login 1923 1923", source: https://sf16-website-login.neutral.ttwstatic.com/obj/tiktok_web_login_static/tiktok/webapp/main/webapp-desktop/webapp-desktop.c69acd6b05d529289a43.js (40)
[7300:15352:0112/174446.836:INFO:CONSOLE(40)] "[i18n] missing key en WebApp_Login 1922 1922", source: https://sf16-website-login.neutral.ttwstatic.com/obj/tiktok_web_login_static/tiktok/webapp/main/webapp-desktop/webapp-desktop.c69acd6b05d529289a43.js (40)
[7300:15352:0112/174446.836:INFO:CONSOLE(40)] "[i18n] missing key en WebApp_Login 1921 1921", source: https://sf16-website-login.neutral.ttwstatic.com/obj/tiktok_web_login_static/tiktok/webapp/main/webapp-desktop/webapp-desktop.c69acd6b05d529289a43.js (40)
[7300:15352:0112/174446.836:INFO:CONSOLE(40)] "[i18n] missing key en WebApp_Login 1920 1920", source: https://sf16-website-login.neutral.ttwstatic.com/obj/tiktok_web_login_static/tiktok/webapp/main/webapp-desktop/webapp-desktop.c69acd6b05d529289a43.js (40)
[7300:15352:0112/174446.836:INFO:CONSOLE(40)] "[i18n] missing key en WebApp_Login 1919 1919", source: https://sf16-website-login.neutral.ttwstatic.com/obj/tiktok_web_login_static/tiktok/webapp/main/webapp-desktop/webapp-desktop.c69acd6b05d529289a43.js (40)
[7300:15352:0112/174446.836:INFO:CONSOLE(40)] "[i18n] missing key en WebApp_Login 1918 1918", source: https://sf16-website-login.neutral.ttwstatic.com/obj/tiktok_web_login_static/tiktok/webapp/main/webapp-desktop/webapp-desktop.c69acd6b05d529289a43.js (40)
[7300:15352:0112/174446.836:INFO:CONSOLE(40)] "[i18n] missing key en WebApp_Login 1917 1917", source: https://sf16-website-login.neutral.ttwstatic.com/obj/tiktok_web_login_static/tiktok/webapp/main/webapp-desktop/webapp-desktop.c69acd6b05d529289a43.js (40)
[7300:15352:0112/174446.837:INFO:CONSOLE(40)] "[i18n] missing key en WebApp_Login 1916 1916", source: https://sf16-website-login.neutral.ttwstatic.com/obj/tiktok_web_login_static/tiktok/webapp/main/webapp-desktop/webapp-desktop.c69acd6b05d529289a43.js (40)
[7300:15352:0112/174446.837:INFO:CONSOLE(40)] "[i18n] missing key en WebApp_Login 1915 1915", source: https://sf16-website-login.neutral.ttwstatic.com/obj/tiktok_web_login_static/tiktok/webapp/main/webapp-desktop/webapp-desktop.c69acd6b05d529289a43.js (40)
[7300:15352:0112/174446.837:INFO:CONSOLE(40)] "[i18n] missing key en WebApp_Login 1914 1914", source: https://sf16-website-login.neutral.ttwstatic.com/obj/tiktok_web_login_static/tiktok/webapp/main/webapp-desktop/webapp-desktop.c69acd6b05d529289a43.js (40)
[7300:15352:0112/174446.837:INFO:CONSOLE(40)] "[i18n] missing key en WebApp_Login 1913 1913", source: https://sf16-website-login.neutral.ttwstatic.com/obj/tiktok_web_login_static/tiktok/webapp/main/webapp-desktop/webapp-desktop.c69acd6b05d529289a43.js (40)
[7300:15352:0112/174446.837:INFO:CONSOLE(40)] "[i18n] missing key en WebApp_Login 1912 1912", source: https://sf16-website-login.neutral.ttwstatic.com/obj/tiktok_web_login_static/tiktok/webapp/main/webapp-desktop/webapp-desktop.c69acd6b05d529289a43.js (40)
[7300:15352:0112/174446.837:INFO:CONSOLE(40)] "[i18n] missing key en WebApp_Login 1911 1911", source: https://sf16-website-login.neutral.ttwstatic.com/obj/tiktok_web_login_static/tiktok/webapp/main/webapp-desktop/webapp-desktop.c69acd6b05d529289a43.js (40)
[7300:15352:0112/174446.837:INFO:CONSOLE(40)] "[i18n] missing key en WebApp_Login 1910 1910", source: https://sf16-website-login.neutral.ttwstatic.com/obj/tiktok_web_login_static/tiktok/webapp/main/webapp-desktop/webapp-desktop.c69acd6b05d529289a43.js (40)
[7300:15352:0112/174446.838:INFO:CONSOLE(40)] "[i18n] missing key en WebApp_Login 1909 1909", source: https://sf16-website-login.neutral.ttwstatic.com/obj/tiktok_web_login_static/tiktok/webapp/main/webapp-desktop/webapp-desktop.c69acd6b05d529289a43.js (40)
[7300:15352:0112/174446.838:INFO:CONSOLE(40)] "[i18n] missing key en WebApp_Login 1908 1908", source: https://sf16-website-login.neutral.ttwstatic.com/obj/tiktok_web_login_static/tiktok/webapp/main/webapp-desktop/webapp-desktop.c69acd6b05d529289a43.js (40)
[7300:15352:0112/174446.838:INFO:CONSOLE(40)] "[i18n] missing key en WebApp_Login 1907 1907", source: https://sf16-website-login.neutral.ttwstatic.com/obj/tiktok_web_login_static/tiktok/webapp/main/webapp-desktop/webapp-desktop.c69acd6b05d529289a43.js (40)
[7300:15352:0112/174446.838:INFO:CONSOLE(40)] "[i18n] missing key en WebApp_Login 1906 1906", source: https://sf16-website-login.neutral.ttwstatic.com/obj/tiktok_web_login_static/tiktok/webapp/main/webapp-desktop/webapp-desktop.c69acd6b05d529289a43.js (40)
[7300:15352:0112/174446.838:INFO:CONSOLE(40)] "[i18n] missing key en WebApp_Login 1905 1905", source: https://sf16-website-login.neutral.ttwstatic.com/obj/tiktok_web_login_static/tiktok/webapp/main/webapp-desktop/webapp-desktop.c69acd6b05d529289a43.js (40)
[7300:15352:0112/174446.838:INFO:CONSOLE(40)] "[i18n] missing key en WebApp_Login 1904 1904", source: https://sf16-website-login.neutral.ttwstatic.com/obj/tiktok_web_login_static/tiktok/webapp/main/webapp-desktop/webapp-desktop.c69acd6b05d529289a43.js (40)
[7300:15352:0112/174446.838:INFO:CONSOLE(40)] "[i18n] missing key en WebApp_Login 1903 1903", source: https://sf16-website-login.neutral.ttwstatic.com/obj/tiktok_web_login_static/tiktok/webapp/main/webapp-desktop/webapp-desktop.c69acd6b05d529289a43.js (40)
[7300:15352:0112/174446.838:INFO:CONSOLE(40)] "[i18n] missing key en WebApp_Login 1902 1902", source: https://sf16-website-login.neutral.ttwstatic.com/obj/tiktok_web_login_static/tiktok/webapp/main/webapp-desktop/webapp-desktop.c69acd6b05d529289a43.js (40)
[7300:15352:0112/174446.838:INFO:CONSOLE(40)] "[i18n] missing key en WebApp_Login 1901 1901", source: https://sf16-website-login.neutral.ttwstatic.com/obj/tiktok_web_login_static/tiktok/webapp/main/webapp-desktop/webapp-desktop.c69acd6b05d529289a43.js (40)
[7300:15352:0112/174446.839:INFO:CONSOLE(40)] "[i18n] missing key en WebApp_Login 1900 1900", source: https://sf16-website-login.neutral.ttwstatic.com/obj/tiktok_web_login_static/tiktok/webapp/main/webapp-desktop/webapp-desktop.c69acd6b05d529289a43.js (40)
[7300:15352:0112/174455.289:INFO:CONSOLE(3)] "bytedance://disable_swipe", source:  (3)
[7300:15352:0112/174501.339:INFO:CONSOLE(3)] "bytedance://enable_swipe", source:  (3)
[7300:15352:0112/174504.674:INFO:CONSOLE(1)] "Error: getIsRegisterPrivateAccount error, error_code 10221", source: https://sf16-website-login.neutral.ttwstatic.com/obj/tiktok_web_login_static/tiktok/webapp/main/webapp-desktop/login-modal.52c884ea2d9a33c9b9dd.js (1)
[7300:15352:0112/174518.838:INFO:CONSOLE(40)] "[i18n] missing key en WebApp_Login Tên người dùng này không khả dụng. Hãy thử tên người dùng được gợi ý hoặc nhập tên người dùng mới. Tên người dùng này không khả dụng. Hãy thử tên người dùng được gợi ý hoặc nhập tên người dùng mới.", source: https://sf16-website-login.neutral.ttwstatic.com/obj/tiktok_web_login_static/tiktok/webapp/main/webapp-desktop/webapp-desktop.c69acd6b05d529289a43.js (40)
[7300:15352:0112/174523.523:INFO:CONSOLE(40)] "[i18n] missing key en WebApp_Login Đăng nhập thành công Đăng nhập thành công", source: https://sf16-website-login.neutral.ttwstatic.com/obj/tiktok_web_login_static/tiktok/webapp/main/webapp-desktop/webapp-desktop.c69acd6b05d529289a43.js (40)
[7300:15352:0112/174525.425:INFO:CONSOLE(2)] "loadable: `loadableReady()` requires state, please use `getScriptTags` or `getScriptElements` server-side", source: https://sf16-website-login.neutral.ttwstatic.com/obj/tiktok_web_login_static/tiktok/webapp/main/webapp-desktop/vendor.ffc5c4a77c714c40519d.js (2)
[7300:15352:0112/174525.689:INFO:CONSOLE(40)] "[TikTok desktop app SDK Monitor]:   turn on listening to DOWNLOAD_FILE_FINISHED failed, env is not in client.", source: https://sf16-website-login.neutral.ttwstatic.com/obj/tiktok_web_login_static/tiktok/webapp/main/webapp-desktop/webapp-desktop.c69acd6b05d529289a43.js (40)
[7300:15352:0112/174526.115:INFO:CONSOLE(1)] ".", source: https://sf16-website-login.neutral.ttwstatic.com/obj/tiktok_web_login_static/webmssdk/1.0.0.95/webmssdk.js (1)
[7300:15352:0112/174526.219:INFO:CONSOLE(1)] "[Report Only] Refused to create a worker from 'blob:https://www.tiktok.com/1cbf5254-0a4d-4ed7-93bb-89ca07f06bcd' because it violates the following Content Security Policy directive: "worker-src https:".
", source: https://sf16-website-login.neutral.ttwstatic.com/obj/tiktok_web_login_static/tiktok/webapp/main/webapp-desktop/npm-async-e7498c45.0ddc113fe6206fd20d42.js (1)
[7300:15352:0112/174526.254:INFO:CONSOLE(0)] "[Report Only] Refused to create a worker from 'blob:https://www.tiktok.com/1cbf5254-0a4d-4ed7-93bb-89ca07f06bcd' because it violates the following Content Security Policy directive: "worker-src https:".
", source: https://www.tiktok.com/vi-VN/ (0)
[7300:15352:0112/174526.598:INFO:CONSOLE(40)] "[TikTok desktop app SDK Monitor]:   WARN:[printFirstFeedShow]The current environment is not inside the client.", source: https://sf16-website-login.neutral.ttwstatic.com/obj/tiktok_web_login_static/tiktok/webapp/main/webapp-desktop/webapp-desktop.c69acd6b05d529289a43.js (40)
[7300:15352:0112/174533.662:INFO:CONSOLE(2)] "Error: no_preload", source: https://sf16-website-login.neutral.ttwstatic.com/obj/tiktok_web_login_static/tiktok/webapp/main/webapp-desktop/npm-xg-plugin.db6b02c31274788f1e13.js (2)
[7300:15352:0112/174551.301:INFO:CONSOLE(1)] ".", source: https://sf16-website-login.neutral.ttwstatic.com/obj/tiktok_web_login_static/webmssdk/1.0.0.95/webmssdk.js (1)
[7300:15352:0112/174551.528:INFO:CONSOLE(1)] "[Report Only] Refused to create a worker from 'blob:https://www.tiktok.com/1ffdba47-4174-4cd0-b054-137868b601a8' because it violates the following Content Security Policy directive: "worker-src https:".
", source: https://sf16-website-login.neutral.ttwstatic.com/obj/tiktok_web_login_static/tiktok/webapp/main/webapp-live/npm-async-e7498c45.0ddc113fe6206fd20d42.js (1)
[7300:15352:0112/174551.604:INFO:CONSOLE(1)] "[Report Only] Refused to create a worker from 'blob:https://www.tiktok.com/63cc019d-9b62-4331-ab53-33f6b1862c90' because it violates the following Content Security Policy directive: "worker-src https:".
", source: https://s20.tiktokcdn.com/tiktok/common/init.js?seed=AECwOP2MAQAAOfpdi_Vfi8120M8tudYzbhlNbKbog3OIy4-XovBryBY1c5gC&hTc6j8Njvn--z=q (1)
[7300:15352:0112/174551.620:INFO:CONSOLE(0)] "[Report Only] Refused to create a worker from 'blob:https://www.tiktok.com/1ffdba47-4174-4cd0-b054-137868b601a8' because it violates the following Content Security Policy directive: "worker-src https:".
", source: https://www.tiktok.com/@monissashophn/live?search_type=live&search_id=20240112104533E8726D1A6384FB011946&search_keyword=quan%20ao&enter_from_merge=search_result&enter_method=live_cell&search_result_id=7323022471504644870 (0)
[7300:15352:0112/174551.630:INFO:CONSOLE(0)] "[Report Only] Refused to create a worker from 'blob:https://www.tiktok.com/63cc019d-9b62-4331-ab53-33f6b1862c90' because it violates the following Content Security Policy directive: "worker-src https:".
", source: https://www.tiktok.com/@monissashophn/live?search_type=live&search_id=20240112104533E8726D1A6384FB011946&search_keyword=quan%20ao&enter_from_merge=search_result&enter_method=live_cell&search_result_id=7323022471504644870 (0)
[7300:15352:0112/174551.845:INFO:CONSOLE(1)] "Canvas2D: Multiple readback operations using getImageData are faster with the willReadFrequently attribute set to true. See: https://html.spec.whatwg.org/multipage/canvas.html#concept-canvas-will-read-frequently", source: https://s20.tiktokcdn.com/tiktok/common/init.js?seed=AECwOP2MAQAAOfpdi_Vfi8120M8tudYzbhlNbKbog3OIy4-XovBryBY1c5gC&hTc6j8Njvn--z=q (1)
[7300:15352:0112/174551.964:INFO:CONSOLE(1)] "Canvas2D: Multiple readback operations using getImageData are faster with the willReadFrequently attribute set to true. See: https://html.spec.whatwg.org/multipage/canvas.html#concept-canvas-will-read-frequently", source: https://s20.tiktokcdn.com/tiktok/common/init.js?seed=AECwOP2MAQAAOfpdi_Vfi8120M8tudYzbhlNbKbog3OIy4-XovBryBY1c5gC&hTc6j8Njvn--z=q (1)
[7300:15352:0112/174552.358:INFO:CONSOLE(1)] "Canvas2D: Multiple readback operations using getImageData are faster with the willReadFrequently attribute set to true. See: https://html.spec.whatwg.org/multipage/canvas.html#concept-canvas-will-read-frequently", source: https://s20.tiktokcdn.com/tiktok/common/init.js?seed=AECwOP2MAQAAOfpdi_Vfi8120M8tudYzbhlNbKbog3OIy4-XovBryBY1c5gC&hTc6j8Njvn--z=q (1)
[7300:15352:0112/174552.661:INFO:CONSOLE(0)] "ResizeObserver loop completed with undelivered notifications.", source: https://www.tiktok.com/@monissashophn/live?search_type=live&search_id=20240112104533E8726D1A6384FB011946&search_keyword=quan%20ao&enter_from_merge=search_result&enter_method=live_cell&search_result_id=7323022471504644870 (0)
[7300:15352:0112/174552.956:INFO:CONSOLE(51)] "[i18n] missing key en Webapp English English", source: https://sf16-website-login.neutral.ttwstatic.com/obj/tiktok_web_login_static/tiktok/webapp/main/webapp-live/webapp-live.1694b4844e48acf63c7c.js (51)
[7300:15352:0112/174612.753:INFO:CONSOLE(1)] ".", source: https://sf16-website-login.neutral.ttwstatic.com/obj/tiktok_web_login_static/webmssdk/1.0.0.95/webmssdk.js (1)
[7300:15352:0112/174612.861:INFO:CONSOLE(1)] "[Report Only] Refused to create a worker from 'blob:https://www.tiktok.com/2d22006c-5f24-4a3f-b371-bb5a222205a9' because it violates the following Content Security Policy directive: "worker-src https:".
", source: https://sf16-website-login.neutral.ttwstatic.com/obj/tiktok_web_login_static/tiktok/webapp/main/webapp-live/npm-async-e7498c45.0ddc113fe6206fd20d42.js (1)
[7300:15352:0112/174612.907:INFO:CONSOLE(1)] "[Report Only] Refused to create a worker from 'blob:https://www.tiktok.com/1192feea-83c8-4da4-8564-5529a84296b3' because it violates the following Content Security Policy directive: "worker-src https:".
", source: https://s20.tiktokcdn.com/tiktok/common/init.js?seed=AECwOP2MAQAAOfpdi_Vfi8120M8tudYzbhlNbKbog3OIy4-XovBryBY1c5gC&hTc6j8Njvn--z=q (1)
[7300:15352:0112/174612.914:INFO:CONSOLE(0)] "[Report Only] Refused to create a worker from 'blob:https://www.tiktok.com/2d22006c-5f24-4a3f-b371-bb5a222205a9' because it violates the following Content Security Policy directive: "worker-src https:".
", source: https://www.tiktok.com/@monissashophn/live?search_type=live&search_id=20240112104533E8726D1A6384FB011946&search_keyword=quan%20ao&enter_from_merge=search_result&enter_method=live_cell&search_result_id=7323022471504644870 (0)
[7300:15352:0112/174612.928:INFO:CONSOLE(0)] "[Report Only] Refused to create a worker from 'blob:https://www.tiktok.com/1192feea-83c8-4da4-8564-5529a84296b3' because it violates the following Content Security Policy directive: "worker-src https:".
", source: https://www.tiktok.com/@monissashophn/live?search_type=live&search_id=20240112104533E8726D1A6384FB011946&search_keyword=quan%20ao&enter_from_merge=search_result&enter_method=live_cell&search_result_id=7323022471504644870 (0)
[7300:15352:0112/174613.032:INFO:CONSOLE(1)] "Canvas2D: Multiple readback operations using getImageData are faster with the willReadFrequently attribute set to true. See: https://html.spec.whatwg.org/multipage/canvas.html#concept-canvas-will-read-frequently", source: https://s20.tiktokcdn.com/tiktok/common/init.js?seed=AECwOP2MAQAAOfpdi_Vfi8120M8tudYzbhlNbKbog3OIy4-XovBryBY1c5gC&hTc6j8Njvn--z=q (1)
[7300:15352:0112/174613.131:INFO:CONSOLE(1)] "Canvas2D: Multiple readback operations using getImageData are faster with the willReadFrequently attribute set to true. See: https://html.spec.whatwg.org/multipage/canvas.html#concept-canvas-will-read-frequently", source: https://s20.tiktokcdn.com/tiktok/common/init.js?seed=AECwOP2MAQAAOfpdi_Vfi8120M8tudYzbhlNbKbog3OIy4-XovBryBY1c5gC&hTc6j8Njvn--z=q (1)
[7300:15352:0112/174613.380:INFO:CONSOLE(1)] "Canvas2D: Multiple readback operations using getImageData are faster with the willReadFrequently attribute set to true. See: https://html.spec.whatwg.org/multipage/canvas.html#concept-canvas-will-read-frequently", source: https://s20.tiktokcdn.com/tiktok/common/init.js?seed=AECwOP2MAQAAOfpdi_Vfi8120M8tudYzbhlNbKbog3OIy4-XovBryBY1c5gC&hTc6j8Njvn--z=q (1)
[7300:15352:0112/174616.166:INFO:CONSOLE(51)] "[i18n] missing key en Webapp English English", source: https://sf16-website-login.neutral.ttwstatic.com/obj/tiktok_web_login_static/tiktok/webapp/main/webapp-live/webapp-live.1694b4844e48acf63c7c.js (51)
[7300:15352:0112/174621.553:INFO:CONSOLE(1)] ".", source: https://sf16-website-login.neutral.ttwstatic.com/obj/tiktok_web_login_static/webmssdk/1.0.0.95/webmssdk.js (1)
[7300:15352:0112/174621.652:INFO:CONSOLE(1)] "[Report Only] Refused to create a worker from 'blob:https://www.tiktok.com/63a31aee-b29e-44b7-be5e-81156f142736' because it violates the following Content Security Policy directive: "worker-src https:".
", source: https://s20.tiktokcdn.com/tiktok/common/init.js?seed=AECwOP2MAQAAOfpdi_Vfi8120M8tudYzbhlNbKbog3OIy4-XovBryBY1c5gC&hTc6j8Njvn--z=q (1)
[7300:15352:0112/174621.676:INFO:CONSOLE(1)] "[Report Only] Refused to create a worker from 'blob:https://www.tiktok.com/145a64fc-1f92-4fa6-8048-a41fdd5dbb57' because it violates the following Content Security Policy directive: "worker-src https:".
", source: https://sf16-website-login.neutral.ttwstatic.com/obj/tiktok_web_login_static/tiktok/webapp/main/webapp-live/npm-async-e7498c45.0ddc113fe6206fd20d42.js (1)
[7300:15352:0112/174621.724:INFO:CONSOLE(0)] "[Report Only] Refused to create a worker from 'blob:https://www.tiktok.com/63a31aee-b29e-44b7-be5e-81156f142736' because it violates the following Content Security Policy directive: "worker-src https:".
", source: https://www.tiktok.com/@monissashophn/live?search_type=live&search_id=20240112104533E8726D1A6384FB011946&search_keyword=quan%20ao&enter_from_merge=search_result&enter_method=live_cell&search_result_id=7323022471504644870 (0)
[7300:15352:0112/174621.726:INFO:CONSOLE(0)] "[Report Only] Refused to create a worker from 'blob:https://www.tiktok.com/145a64fc-1f92-4fa6-8048-a41fdd5dbb57' because it violates the following Content Security Policy directive: "worker-src https:".
", source: https://www.tiktok.com/@monissashophn/live?search_type=live&search_id=20240112104533E8726D1A6384FB011946&search_keyword=quan%20ao&enter_from_merge=search_result&enter_method=live_cell&search_result_id=7323022471504644870 (0)
[7300:15352:0112/174621.853:INFO:CONSOLE(1)] "Canvas2D: Multiple readback operations using getImageData are faster with the willReadFrequently attribute set to true. See: https://html.spec.whatwg.org/multipage/canvas.html#concept-canvas-will-read-frequently", source: https://s20.tiktokcdn.com/tiktok/common/init.js?seed=AECwOP2MAQAAOfpdi_Vfi8120M8tudYzbhlNbKbog3OIy4-XovBryBY1c5gC&hTc6j8Njvn--z=q (1)
[7300:15352:0112/174621.948:INFO:CONSOLE(1)] "Canvas2D: Multiple readback operations using getImageData are faster with the willReadFrequently attribute set to true. See: https://html.spec.whatwg.org/multipage/canvas.html#concept-canvas-will-read-frequently", source: https://s20.tiktokcdn.com/tiktok/common/init.js?seed=AECwOP2MAQAAOfpdi_Vfi8120M8tudYzbhlNbKbog3OIy4-XovBryBY1c5gC&hTc6j8Njvn--z=q (1)
[7300:15352:0112/174622.135:INFO:CONSOLE(1)] "Canvas2D: Multiple readback operations using getImageData are faster with the willReadFrequently attribute set to true. See: https://html.spec.whatwg.org/multipage/canvas.html#concept-canvas-will-read-frequently", source: https://s20.tiktokcdn.com/tiktok/common/init.js?seed=AECwOP2MAQAAOfpdi_Vfi8120M8tudYzbhlNbKbog3OIy4-XovBryBY1c5gC&hTc6j8Njvn--z=q (1)
[7300:15352:0112/174622.822:INFO:CONSOLE(0)] "ResizeObserver loop completed with undelivered notifications.", source: https://www.tiktok.com/@monissashophn/live?search_type=live&search_id=20240112104533E8726D1A6384FB011946&search_keyword=quan%20ao&enter_from_merge=search_result&enter_method=live_cell&search_result_id=7323022471504644870 (0)
[7300:15352:0112/174629.100:INFO:CONSOLE(1)] "[Report Only] Refused to create a worker from 'blob:https://www.tiktok.com/890df713-8c6b-4537-9a88-32d48e551248' because it violates the following Content Security Policy directive: "worker-src https:".
", source: https://s20.tiktokcdn.com/tiktok/common/init.js?seed=AECwOP2MAQAAOfpdi_Vfi8120M8tudYzbhlNbKbog3OIy4-XovBryBY1c5gC&hTc6j8Njvn--z=q (1)
[7300:15352:0112/174629.113:INFO:CONSOLE(1)] ".", source: https://sf16-website-login.neutral.ttwstatic.com/obj/tiktok_web_login_static/webmssdk/1.0.0.95/webmssdk.js (1)
[7300:15352:0112/174629.219:INFO:CONSOLE(1)] "[Report Only] Refused to create a worker from 'blob:https://www.tiktok.com/56ec1af5-2f7d-4b4c-bfd4-629b600ec6e9' because it violates the following Content Security Policy directive: "worker-src https:".
", source: https://sf16-website-login.neutral.ttwstatic.com/obj/tiktok_web_login_static/tiktok/webapp/main/webapp-live/npm-async-e7498c45.0ddc113fe6206fd20d42.js (1)
[7300:15352:0112/174629.237:INFO:CONSOLE(0)] "[Report Only] Refused to create a worker from 'blob:https://www.tiktok.com/890df713-8c6b-4537-9a88-32d48e551248' because it violates the following Content Security Policy directive: "worker-src https:".
", source: https://www.tiktok.com/@monissashophn/live?search_type=live&search_id=20240112104533E8726D1A6384FB011946&search_keyword=quan%20ao&enter_from_merge=search_result&enter_method=live_cell&search_result_id=7323022471504644870 (0)
[7300:15352:0112/174629.259:INFO:CONSOLE(0)] "[Report Only] Refused to create a worker from 'blob:https://www.tiktok.com/56ec1af5-2f7d-4b4c-bfd4-629b600ec6e9' because it violates the following Content Security Policy directive: "worker-src https:".
", source: https://www.tiktok.com/@monissashophn/live?search_type=live&search_id=20240112104533E8726D1A6384FB011946&search_keyword=quan%20ao&enter_from_merge=search_result&enter_method=live_cell&search_result_id=7323022471504644870 (0)
[7300:15352:0112/174629.374:INFO:CONSOLE(1)] "Canvas2D: Multiple readback operations using getImageData are faster with the willReadFrequently attribute set to true. See: https://html.spec.whatwg.org/multipage/canvas.html#concept-canvas-will-read-frequently", source: https://s20.tiktokcdn.com/tiktok/common/init.js?seed=AECwOP2MAQAAOfpdi_Vfi8120M8tudYzbhlNbKbog3OIy4-XovBryBY1c5gC&hTc6j8Njvn--z=q (1)
[7300:15352:0112/174629.479:INFO:CONSOLE(1)] "Canvas2D: Multiple readback operations using getImageData are faster with the willReadFrequently attribute set to true. See: https://html.spec.whatwg.org/multipage/canvas.html#concept-canvas-will-read-frequently", source: https://s20.tiktokcdn.com/tiktok/common/init.js?seed=AECwOP2MAQAAOfpdi_Vfi8120M8tudYzbhlNbKbog3OIy4-XovBryBY1c5gC&hTc6j8Njvn--z=q (1)
[7300:15352:0112/174629.664:INFO:CONSOLE(1)] "Canvas2D: Multiple readback operations using getImageData are faster with the willReadFrequently attribute set to true. See: https://html.spec.whatwg.org/multipage/canvas.html#concept-canvas-will-read-frequently", source: https://s20.tiktokcdn.com/tiktok/common/init.js?seed=AECwOP2MAQAAOfpdi_Vfi8120M8tudYzbhlNbKbog3OIy4-XovBryBY1c5gC&hTc6j8Njvn--z=q (1)
[7300:15352:0112/174705.819:INFO:CONSOLE(0)] "ResizeObserver loop completed with undelivered notifications.", source: https://www.facebook.com/ (0)
[7300:15352:0112/174914.097:INFO:CONSOLE(0)] "ResizeObserver loop completed with undelivered notifications.", source: https://www.facebook.com/ (0)
[7300:15352:0112/174915.446:INFO:CONSOLE(0)] "ResizeObserver loop completed with undelivered notifications.", source: https://www.facebook.com/ (0)
[7300:15352:0112/175238.826:INFO:CONSOLE(1)] "[Report Only] Refused to create a worker from 'blob:https://www.tiktok.com/a372df00-4e23-4f62-ad3a-5300459e192b' because it violates the following Content Security Policy directive: "worker-src https:".
", source: https://s20.tiktokcdn.com/tiktok/common/init.js?seed=AECwOP2MAQAAOfpdi_Vfi8120M8tudYzbhlNbKbog3OIy4-XovBryBY1c5gC&hTc6j8Njvn--z=q (1)
[7300:15352:0112/175238.837:INFO:CONSOLE(0)] "[Report Only] Refused to create a worker from 'blob:https://www.tiktok.com/a372df00-4e23-4f62-ad3a-5300459e192b' because it violates the following Content Security Policy directive: "worker-src https:".
", source: https://www.tiktok.com/@monissashophn/live?search_type=live&search_id=20240112104533E8726D1A6384FB011946&search_keyword=quan%20ao&enter_from_merge=search_result&enter_method=live_cell&search_result_id=7323022471504644870 (0)
[7300:15352:0112/175238.903:INFO:CONSOLE(1)] ".", source: https://sf16-website-login.neutral.ttwstatic.com/obj/tiktok_web_login_static/webmssdk/1.0.0.95/webmssdk.js (1)
[7300:15352:0112/175239.056:INFO:CONSOLE(1)] "[Report Only] Refused to create a worker from 'blob:https://www.tiktok.com/5072e254-33a6-42ef-8ff0-62429a587992' because it violates the following Content Security Policy directive: "worker-src https:".
", source: https://sf16-website-login.neutral.ttwstatic.com/obj/tiktok_web_login_static/tiktok/webapp/main/webapp-live/npm-async-e7498c45.0ddc113fe6206fd20d42.js (1)
[7300:15352:0112/175239.146:INFO:CONSOLE(1)] "Canvas2D: Multiple readback operations using getImageData are faster with the willReadFrequently attribute set to true. See: https://html.spec.whatwg.org/multipage/canvas.html#concept-canvas-will-read-frequently", source: https://s20.tiktokcdn.com/tiktok/common/init.js?seed=AECwOP2MAQAAOfpdi_Vfi8120M8tudYzbhlNbKbog3OIy4-XovBryBY1c5gC&hTc6j8Njvn--z=q (1)
[7300:15352:0112/175239.163:INFO:CONSOLE(0)] "[Report Only] Refused to create a worker from 'blob:https://www.tiktok.com/5072e254-33a6-42ef-8ff0-62429a587992' because it violates the following Content Security Policy directive: "worker-src https:".
", source: https://www.tiktok.com/@monissashophn/live?search_type=live&search_id=20240112104533E8726D1A6384FB011946&search_keyword=quan%20ao&enter_from_merge=search_result&enter_method=live_cell&search_result_id=7323022471504644870 (0)
[7300:15352:0112/175239.273:INFO:CONSOLE(1)] "Canvas2D: Multiple readback operations using getImageData are faster with the willReadFrequently attribute set to true. See: https://html.spec.whatwg.org/multipage/canvas.html#concept-canvas-will-read-frequently", source: https://s20.tiktokcdn.com/tiktok/common/init.js?seed=AECwOP2MAQAAOfpdi_Vfi8120M8tudYzbhlNbKbog3OIy4-XovBryBY1c5gC&hTc6j8Njvn--z=q (1)
[7300:15352:0112/175239.420:INFO:CONSOLE(1)] "Canvas2D: Multiple readback operations using getImageData are faster with the willReadFrequently attribute set to true. See: https://html.spec.whatwg.org/multipage/canvas.html#concept-canvas-will-read-frequently", source: https://s20.tiktokcdn.com/tiktok/common/init.js?seed=AECwOP2MAQAAOfpdi_Vfi8120M8tudYzbhlNbKbog3OIy4-XovBryBY1c5gC&hTc6j8Njvn--z=q (1)
[7300:15352:0112/175239.978:INFO:CONSOLE(0)] "ResizeObserver loop completed with undelivered notifications.", source: https://www.tiktok.com/@monissashophn/live?search_type=live&search_id=20240112104533E8726D1A6384FB011946&search_keyword=quan%20ao&enter_from_merge=search_result&enter_method=live_cell&search_result_id=7323022471504644870 (0)
[7300:15352:0112/175240.190:INFO:CONSOLE(0)] "ResizeObserver loop completed with undelivered notifications.", source: https://www.tiktok.com/@monissashophn/live?search_type=live&search_id=20240112104533E8726D1A6384FB011946&search_keyword=quan%20ao&enter_from_merge=search_result&enter_method=live_cell&search_result_id=7323022471504644870 (0)
[7300:15352:0112/181640.448:WARNING:pref_notifier_impl.cc(41)] Pref observer for media_router.cast_allow_all_ips found at shutdown.
